<?xml version="1.0" encoding="UTF-8"?>
<testsuite xmlns:xsi="http://www.w3.org/2001/XMLSchema-instance" xsi:noNamespaceSchemaLocation="https://maven.apache.org/surefire/maven-surefire-plugin/xsd/surefire-test-report.xsd" name="TestSuite" time="62.522" tests="5" errors="0" skipped="0" failures="3">
  <properties>
    <property name="gopherProxySet" value="false"/>
    <property name="awt.toolkit" value="sun.lwawt.macosx.LWCToolkit"/>
    <property name="file.encoding.pkg" value="sun.io"/>
    <property name="java.specification.version" value="1.8"/>
    <property name="sun.cpu.isalist" value=""/>
    <property name="sun.jnu.encoding" value="UTF-8"/>
    <property name="java.class.path" value="/Users/yidong/Dropbox/iHeartMedia/Selenium/maven-spotify/target/test-classes:/Users/yidong/Dropbox/iHeartMedia/Selenium/maven-spotify/target/classes:/Users/yidong/.m2/repository/org/testng/testng/6.8/testng-6.8.jar:/Users/yidong/.m2/repository/junit/junit/4.10/junit-4.10.jar:/Users/yidong/.m2/repository/org/hamcrest/hamcrest-core/1.1/hamcrest-core-1.1.jar:/Users/yidong/.m2/repository/org/beanshell/bsh/2.0b4/bsh-2.0b4.jar:/Users/yidong/.m2/repository/com/beust/jcommander/1.27/jcommander-1.27.jar:/Users/yidong/.m2/repository/org/yaml/snakeyaml/1.6/snakeyaml-1.6.jar:/Users/yidong/.m2/repository/com/sikulix/sikulixapi/1.1.1/sikulixapi-1.1.1.jar:/Users/yidong/.m2/repository/commons-cli/commons-cli/1.2/commons-cli-1.2.jar:/Users/yidong/.m2/repository/org/apache/commons/commons-exec/1.3/commons-exec-1.3.jar:/Users/yidong/.m2/repository/commons-net/commons-net/3.4/commons-net-3.4.jar:/Users/yidong/.m2/repository/com/melloware/jintellitype/1.3.9/jintellitype-1.3.9.jar:/Users/yidong/.m2/repository/com/nativelibs4java/bridj/0.7.0/bridj-0.7.0.jar:/Users/yidong/.m2/repository/com/google/android/tools/dx/1.7/dx-1.7.jar:/Users/yidong/.m2/repository/com/github/vidstige/jadb/-v1.0-g94ebf38-23/jadb--v1.0-g94ebf38-23.jar:/Users/yidong/.m2/repository/com/sikulix/sikulixlibsmac/1.1.1/sikulixlibsmac-1.1.1.jar:/Users/yidong/.m2/repository/com/sikulix/sikulix1tigervnc/1.1.1/sikulix1tigervnc-1.1.1.jar:/Users/yidong/.m2/repository/org/apache/maven/surefire/surefire-testng-utils/2.22.0/surefire-testng-utils-2.22.0.jar:/Users/yidong/.m2/repository/org/apache/maven/surefire/surefire-grouper/2.22.0/surefire-grouper-2.22.0.jar:"/>
    <property name="java.vm.vendor" value="Oracle Corporation"/>
    <property name="sun.arch.data.model" value="64"/>
    <property name="java.vendor.url" value="http://java.oracle.com/"/>
    <property name="user.timezone" value="America/New_York"/>
    <property name="java.vm.specification.version" value="1.8"/>
    <property name="os.name" value="Mac OS X"/>
    <property name="user.country" value="US"/>
    <property name="sun.java.launcher" value="SUN_STANDARD"/>
    <property name="sun.boot.library.path" value="/Library/Java/JavaVirtualMachines/jdk1.8.0_31.jdk/Contents/Home/jre/lib"/>
    <property name="sun.java.command" value="/Users/yidong/Dropbox/iHeartMedia/Selenium/maven-spotify/target/surefire/surefirebooter7489486384842910873.jar /Users/yidong/Dropbox/iHeartMedia/Selenium/maven-spotify/target/surefire 2018-08-04T21-20-41_587-jvmRun1 surefire2042044166623974730tmp surefire_03974519141706560626tmp"/>
    <property name="surefire.test.class.path" value="/Users/yidong/Dropbox/iHeartMedia/Selenium/maven-spotify/target/test-classes:/Users/yidong/Dropbox/iHeartMedia/Selenium/maven-spotify/target/classes:/Users/yidong/.m2/repository/org/testng/testng/6.8/testng-6.8.jar:/Users/yidong/.m2/repository/junit/junit/4.10/junit-4.10.jar:/Users/yidong/.m2/repository/org/hamcrest/hamcrest-core/1.1/hamcrest-core-1.1.jar:/Users/yidong/.m2/repository/org/beanshell/bsh/2.0b4/bsh-2.0b4.jar:/Users/yidong/.m2/repository/com/beust/jcommander/1.27/jcommander-1.27.jar:/Users/yidong/.m2/repository/org/yaml/snakeyaml/1.6/snakeyaml-1.6.jar:/Users/yidong/.m2/repository/com/sikulix/sikulixapi/1.1.1/sikulixapi-1.1.1.jar:/Users/yidong/.m2/repository/commons-cli/commons-cli/1.2/commons-cli-1.2.jar:/Users/yidong/.m2/repository/org/apache/commons/commons-exec/1.3/commons-exec-1.3.jar:/Users/yidong/.m2/repository/commons-net/commons-net/3.4/commons-net-3.4.jar:/Users/yidong/.m2/repository/com/melloware/jintellitype/1.3.9/jintellitype-1.3.9.jar:/Users/yidong/.m2/repository/com/nativelibs4java/bridj/0.7.0/bridj-0.7.0.jar:/Users/yidong/.m2/repository/com/google/android/tools/dx/1.7/dx-1.7.jar:/Users/yidong/.m2/repository/com/github/vidstige/jadb/-v1.0-g94ebf38-23/jadb--v1.0-g94ebf38-23.jar:/Users/yidong/.m2/repository/com/sikulix/sikulixlibsmac/1.1.1/sikulixlibsmac-1.1.1.jar:/Users/yidong/.m2/repository/com/sikulix/sikulix1tigervnc/1.1.1/sikulix1tigervnc-1.1.1.jar:/Users/yidong/.m2/repository/org/apache/maven/surefire/surefire-testng-utils/2.22.0/surefire-testng-utils-2.22.0.jar:/Users/yidong/.m2/repository/org/apache/maven/surefire/surefire-grouper/2.22.0/surefire-grouper-2.22.0.jar:"/>
    <property name="sun.cpu.endian" value="little"/>
    <property name="user.home" value="/Users/yidong"/>
    <property name="user.language" value="en"/>
    <property name="java.specification.vendor" value="Oracle Corporation"/>
    <property name="java.home" value="/Library/Java/JavaVirtualMachines/jdk1.8.0_31.jdk/Contents/Home/jre"/>
    <property name="basedir" value="/Users/yidong/Dropbox/iHeartMedia/Selenium/maven-spotify"/>
    <property name="file.separator" value="/"/>
    <property name="line.separator" value="&#10;"/>
    <property name="java.vm.specification.vendor" value="Oracle Corporation"/>
    <property name="java.specification.name" value="Java Platform API Specification"/>
    <property name="java.awt.graphicsenv" value="sun.awt.CGraphicsEnvironment"/>
    <property name="surefire.real.class.path" value="/Users/yidong/Dropbox/iHeartMedia/Selenium/maven-spotify/target/surefire/surefirebooter7489486384842910873.jar"/>
    <property name="sun.boot.class.path" value="/Library/Java/JavaVirtualMachines/jdk1.8.0_31.jdk/Contents/Home/jre/lib/resources.jar:/Library/Java/JavaVirtualMachines/jdk1.8.0_31.jdk/Contents/Home/jre/lib/rt.jar:/Library/Java/JavaVirtualMachines/jdk1.8.0_31.jdk/Contents/Home/jre/lib/sunrsasign.jar:/Library/Java/JavaVirtualMachines/jdk1.8.0_31.jdk/Contents/Home/jre/lib/jsse.jar:/Library/Java/JavaVirtualMachines/jdk1.8.0_31.jdk/Contents/Home/jre/lib/jce.jar:/Library/Java/JavaVirtualMachines/jdk1.8.0_31.jdk/Contents/Home/jre/lib/charsets.jar:/Library/Java/JavaVirtualMachines/jdk1.8.0_31.jdk/Contents/Home/jre/lib/jfr.jar:/Library/Java/JavaVirtualMachines/jdk1.8.0_31.jdk/Contents/Home/jre/classes"/>
    <property name="sun.management.compiler" value="HotSpot 64-Bit Tiered Compilers"/>
    <property name="java.runtime.version" value="1.8.0_31-b13"/>
    <property name="user.name" value="yidong"/>
    <property name="path.separator" value=":"/>
    <property name="os.version" value="10.13"/>
    <property name="java.endorsed.dirs" value="/Library/Java/JavaVirtualMachines/jdk1.8.0_31.jdk/Contents/Home/jre/lib/endorsed"/>
    <property name="java.runtime.name" value="Java(TM) SE Runtime Environment"/>
    <property name="file.encoding" value="UTF-8"/>
    <property name="java.vm.name" value="Java HotSpot(TM) 64-Bit Server VM"/>
    <property name="localRepository" value="/Users/yidong/.m2/repository"/>
    <property name="java.vendor.url.bug" value="http://bugreport.sun.com/bugreport/"/>
    <property name="java.io.tmpdir" value="/var/folders/6k/s1m39qwx7n95s0nr3b6zmj600000gn/T/"/>
    <property name="java.version" value="1.8.0_31"/>
    <property name="user.dir" value="/Users/yidong/Dropbox/iHeartMedia/Selenium/maven-spotify"/>
    <property name="os.arch" value="x86_64"/>
    <property name="java.vm.specification.name" value="Java Virtual Machine Specification"/>
    <property name="java.awt.printerjob" value="sun.lwawt.macosx.CPrinterJob"/>
    <property name="sun.os.patch.level" value="unknown"/>
    <property name="java.library.path" value="/Users/yidong/Library/Java/Extensions:/Library/Java/Extensions:/Network/Library/Java/Extensions:/System/Library/Java/Extensions:/usr/lib/java:."/>
    <property name="java.vm.info" value="mixed mode"/>
    <property name="java.vendor" value="Oracle Corporation"/>
    <property name="java.vm.version" value="25.31-b07"/>
    <property name="java.ext.dirs" value="/Users/yidong/Library/Java/Extensions:/Library/Java/JavaVirtualMachines/jdk1.8.0_31.jdk/Contents/Home/jre/lib/ext:/Library/Java/Extensions:/Network/Library/Java/Extensions:/System/Library/Java/Extensions:/usr/lib/java"/>
    <property name="sun.io.unicode.encoding" value="UnicodeBig"/>
    <property name="java.class.version" value="52.0"/>
  </properties>
  <testcase name="CreateNewPlaylist" classname="com.spotify.CreateNewPlaylistTest" time="10.361">
    <failure message="/Users/yidong/Dropbox/iHeartMedia/Selenium/maven-spotify/src/test/java/assets_spotify.sikuli/password_field.png: (332x27) in S(0)[0,0 1280x800] E:Y, T:3.0" type="org.sikuli.script.FindFailed">org.sikuli.script.FindFailed: /Users/yidong/Dropbox/iHeartMedia/Selenium/maven-spotify/src/test/java/assets_spotify.sikuli/password_field.png: (332x27) in S(0)[0,0 1280x800] E:Y, T:3.0
	at com.spotify.CreateNewPlaylistTest.CreateNewPlaylist(CreateNewPlaylistTest.java:42)
</failure>
  </testcase>
  <testcase name="invalidLogin" classname="com.spotify.InvalidLoginTest" time="6.222"/>
  <testcase name="playTrackTest" classname="com.spotify.PlayTrackTest" time="21.635"/>
  <testcase name="searchTest" classname="com.spotify.SearchTest" time="10.836">
    <failure message="/Users/yidong/Dropbox/iHeartMedia/Selenium/maven-spotify/src/test/java/assets_spotify.sikuli/password_field.png: (332x27) seen at (500, 328) with 1.00 in S(0)[0,0 1280x800] E:Y, T:3.0" type="org.sikuli.script.FindFailed">org.sikuli.script.FindFailed: /Users/yidong/Dropbox/iHeartMedia/Selenium/maven-spotify/src/test/java/assets_spotify.sikuli/password_field.png: (332x27) seen at (500, 328) with 1.00 in S(0)[0,0 1280x800] E:Y, T:3.0
	at com.spotify.SearchTest.searchTest(SearchTest.java:50)
</failure>
  </testcase>
  <testcase name="validLogin" classname="com.spotify.ValidLoginTest" time="10.115">
    <failure message="/Users/yidong/Dropbox/iHeartMedia/Selenium/maven-spotify/src/test/java/assets_spotify.sikuli/password_field.png: (332x27) seen at (500, 328) with 1.00 in S(0)[0,0 1280x800] E:Y, T:3.0" type="org.sikuli.script.FindFailed">org.sikuli.script.FindFailed: /Users/yidong/Dropbox/iHeartMedia/Selenium/maven-spotify/src/test/java/assets_spotify.sikuli/password_field.png: (332x27) seen at (500, 328) with 1.00 in S(0)[0,0 1280x800] E:Y, T:3.0
	at com.spotify.ValidLoginTest.validLogin(ValidLoginTest.java:49)
</failure>
  </testcase>
</testsuite>