<?xml version="1.0" encoding="UTF-8"?>
<!-- Generated by org.testng.reporters.JUnitReportReporter -->
<testsuite hostname="Yis-MacBook-Pro.local" name="com.spotify.InvalideLoginTest" tests="1" failures="0" timestamp="4 Aug 2018 23:09:13 GMT" time="6.541" errors="0">
  <testcase name="invalidLogin" time="6.541" classname="com.spotify.InvalideLoginTest"/>
</testsuite> <!-- com.spotify.InvalideLoginTest -->
