<?xml version="1.0" encoding="UTF-8"?>
<!-- Generated by org.testng.reporters.JUnitReportReporter -->
<testsuite hostname="Yis-MacBook-Pro.local" name="com.spotify.PlayTrackTest" tests="1" failures="0" timestamp="5 Aug 2018 00:45:22 GMT" time="23.318" errors="0">
  <testcase name="playTrackTest" time="23.318" classname="com.spotify.PlayTrackTest"/>
</testsuite> <!-- com.spotify.PlayTrackTest -->
