<?xml version="1.0" encoding="UTF-8"?>
<!-- Generated by org.testng.reporters.JUnitReportReporter -->
<testsuite hostname="Yis-MacBook-Pro.local" name="com.spotify.valid_login_test" tests="1" failures="0" timestamp="4 Aug 2018 20:48:52 GMT" time="0.031" errors="0">
  <testcase name="test" time="0.031" classname="com.spotify.valid_login_test"/>
</testsuite> <!-- com.spotify.valid_login_test -->
