<?xml version="1.0" encoding="UTF-8"?>
<!-- Generated by org.testng.reporters.JUnitReportReporter -->
<testsuite hostname="Yis-MacBook-Pro.local" name="com.spotify.CreateNewPlaylistTest" tests="1" failures="0" timestamp="5 Aug 2018 00:45:22 GMT" time="17.695" errors="0">
  <testcase name="CreateNewPlaylist" time="17.695" classname="com.spotify.CreateNewPlaylistTest"/>
</testsuite> <!-- com.spotify.CreateNewPlaylistTest -->
