<?xml version="1.0" encoding="UTF-8"?>
<!-- Generated by org.testng.reporters.JUnitReportReporter -->
<testsuite hostname="Yis-MacBook-Pro.local" name="com.spotify.PlayTrackTest" tests="1" failures="0" timestamp="5 Aug 2018 01:21:44 GMT" time="21.639" errors="0">
  <testcase name="playTrackTest" time="21.639" classname="com.spotify.PlayTrackTest"/>
</testsuite> <!-- com.spotify.PlayTrackTest -->
