<?xml version="1.0" encoding="UTF-8"?>
<!-- Generated by org.testng.reporters.JUnitReportReporter -->
<testsuite hostname="Yis-MacBook-Pro.local" name="com.spotify.InvalidLoginTest" tests="1" failures="0" timestamp="5 Aug 2018 01:21:44 GMT" time="6.221" errors="0">
  <testcase name="invalidLogin" time="6.221" classname="com.spotify.InvalidLoginTest"/>
</testsuite> <!-- com.spotify.InvalidLoginTest -->
